[debug] [2019-05-03T18:29:57.857Z] ----------------------------------------------------------------------
[debug] [2019-05-03T18:29:57.860Z] Command:       /usr/local/Cellar/node/11.9.0/bin/node /usr/local/bin/firebase serve
[debug] [2019-05-03T18:29:57.860Z] CLI Version:   6.7.1
[debug] [2019-05-03T18:29:57.860Z] Platform:      darwin
[debug] [2019-05-03T18:29:57.860Z] Node Version:  v11.9.0
[debug] [2019-05-03T18:29:57.864Z] Time:          Fri May 03 2019 11:29:57 GMT-0700 (Pacific Daylight Time)
[debug] [2019-05-03T18:29:57.865Z] ----------------------------------------------------------------------
[debug] 
[debug] [2019-05-03T18:29:57.877Z] > command requires scopes: ["email","openid","https://www.googleapis.com/auth/cloudplatformprojects.readonly","https://www.googleapis.com/auth/firebase","https://www.googleapis.com/auth/cloud-platform"]
[debug] [2019-05-03T18:29:57.878Z] > authorizing via signed-in user
[debug] [2019-05-03T18:29:57.878Z] [iam] checking project cartaroom-3f36f for permissions ["firebase.projects.get"]
[debug] [2019-05-03T18:29:57.880Z] > refreshing access token with scopes: ["email","https://www.googleapis.com/auth/cloud-platform","https://www.googleapis.com/auth/cloudplatformprojects.readonly","https://www.googleapis.com/auth/firebase","openid"]
[debug] [2019-05-03T18:29:57.880Z] >>> HTTP REQUEST POST https://www.googleapis.com/oauth2/v3/token  
 <request body omitted>
[debug] [2019-05-03T18:29:58.020Z] <<< HTTP RESPONSE 200
[debug] [2019-05-03T18:29:58.028Z] >>> HTTP REQUEST POST https://cloudresourcemanager.googleapis.com/v1/projects/cartaroom-3f36f:testIamPermissions  

[debug] [2019-05-03T18:29:58.175Z] <<< HTTP RESPONSE 200
[debug] [2019-05-03T18:29:58.177Z] >>> HTTP REQUEST GET https://cloudresourcemanager.googleapis.com/v1/projects/cartaroom-3f36f  
 
[debug] [2019-05-03T18:29:58.341Z] <<< HTTP RESPONSE 200
[info] 
[info] === Serving from '/Users/vincent/Library/Mobile Documents/com~apple~CloudDocs/Programming/html/CartaRoom'...
[info] 
[info] i  functions: Preparing to emulate functions.
[debug] [2019-05-03T18:29:59.235Z] Fetching environment
[debug] [2019-05-03T18:29:59.237Z] >>> HTTP REQUEST GET https://mobilesdk-pa.googleapis.com/v1/projects/292210465189:getServerAppConfig  
 
[debug] [2019-05-03T18:29:59.367Z] <<< HTTP RESPONSE 200
[debug] [2019-05-03T18:29:59.368Z] Starting @google-cloud/functions-emulator
[debug] [2019-05-03T18:30:00.918Z] Parsing function triggers
[info] ✔  functions: SetAccType: http://localhost:5000/cartaroom-3f36f/us-central1/SetAccType
[info] ✔  functions: addPatron: http://localhost:5000/cartaroom-3f36f/us-central1/addPatron
[debug] [2019-05-03T18:31:17.751Z] ----------------------------------------------------------------------
[debug] [2019-05-03T18:31:17.753Z] Command:       /usr/local/Cellar/node/11.9.0/bin/node /usr/local/bin/firebase serve
[debug] [2019-05-03T18:31:17.753Z] CLI Version:   6.7.1
[debug] [2019-05-03T18:31:17.753Z] Platform:      darwin
[debug] [2019-05-03T18:31:17.753Z] Node Version:  v11.9.0
[debug] [2019-05-03T18:31:17.754Z] Time:          Fri May 03 2019 11:31:17 GMT-0700 (Pacific Daylight Time)
[debug] [2019-05-03T18:31:17.755Z] ----------------------------------------------------------------------
[debug] 
[debug] [2019-05-03T18:31:17.762Z] > command requires scopes: ["email","openid","https://www.googleapis.com/auth/cloudplatformprojects.readonly","https://www.googleapis.com/auth/firebase","https://www.googleapis.com/auth/cloud-platform"]
[debug] [2019-05-03T18:31:17.763Z] > authorizing via signed-in user
[debug] [2019-05-03T18:31:17.763Z] [iam] checking project cartaroom-3f36f for permissions ["firebase.projects.get"]
[debug] [2019-05-03T18:31:17.765Z] >>> HTTP REQUEST POST https://cloudresourcemanager.googleapis.com/v1/projects/cartaroom-3f36f:testIamPermissions  

[debug] [2019-05-03T18:31:18.334Z] <<< HTTP RESPONSE 200
[debug] [2019-05-03T18:31:18.337Z] >>> HTTP REQUEST GET https://cloudresourcemanager.googleapis.com/v1/projects/cartaroom-3f36f  
 
[debug] [2019-05-03T18:31:18.503Z] <<< HTTP RESPONSE 200
[info] 
[info] === Serving from '/Users/vincent/Library/Mobile Documents/com~apple~CloudDocs/Programming/html/CartaRoom'...
[info] 
[info] i  functions: Preparing to emulate functions.
[debug] [2019-05-03T18:31:18.920Z] Fetching environment
[debug] [2019-05-03T18:31:18.922Z] >>> HTTP REQUEST GET https://mobilesdk-pa.googleapis.com/v1/projects/292210465189:getServerAppConfig  
 
[debug] [2019-05-03T18:31:19.059Z] <<< HTTP RESPONSE 200
[debug] [2019-05-03T18:31:19.059Z] Starting @google-cloud/functions-emulator
[debug] [2019-05-03T18:31:19.088Z] Parsing function triggers
